<?xml version="1.0" encoding="UTF-8"?>
<!-- Generated by org.testng.reporters.JUnitReportReporter -->
<testsuite skipped="0" hostname="G5-PC" name="testcases.VerifyDashboard" tests="4" failures="0" timestamp="02 Apr 2018 09:21:04 GMT" time="75.468" errors="0">
  <testcase name="testLogin" time="44.032" classname="testcases.VerifyDashboard"/>
  <testcase name="testRewardTab" time="10.506" classname="testcases.VerifyDashboard"/>
  <testcase name="testEarnTab" time="10.474" classname="testcases.VerifyDashboard"/>
  <testcase name="testActivity" time="10.456" classname="testcases.VerifyDashboard"/>
</testsuite> <!-- testcases.VerifyDashboard -->
