<?xml version="1.0" encoding="UTF-8"?>
<!-- Generated by org.testng.reporters.JUnitReportReporter -->
<testsuite skipped="0" hostname="G5-PC" name="testcases.VerifyLoyaltyProgram" tests="1" failures="0" timestamp="30 Mar 2018 12:57:48 GMT" time="31.475" errors="0">
  <testcase name="Emailsharing" time="31.475" classname="testcases.VerifyLoyaltyProgram"/>
</testsuite> <!-- testcases.VerifyLoyaltyProgram -->
