<?xml version="1.0" encoding="UTF-8"?>
<!-- Generated by org.testng.reporters.JUnitReportReporter -->
<testsuite skipped="0" hostname="G5-PC" name="testcases.VerifyBitly" tests="2" failures="0" timestamp="02 Apr 2018 09:32:12 GMT" time="118.507" errors="0">
  <testcase name="FacebbokBitlyExecution" time="60.788" classname="testcases.VerifyBitly"/>
  <testcase name="TwitterBitlyexecution" time="57.719" classname="testcases.VerifyBitly"/>
</testsuite> <!-- testcases.VerifyBitly -->
