<?xml version="1.0" encoding="UTF-8"?>
<!-- Generated by org.testng.reporters.JUnitReportReporter -->
<testsuite skipped="0" hostname="G5-PC" name="testcases.VerifyDashboard" tests="4" failures="0" timestamp="02 Apr 2018 10:59:29 GMT" time="76.172" errors="0">
  <testcase name="testLogin" time="44.797" classname="testcases.VerifyDashboard"/>
  <testcase name="testRewardTab" time="10.494" classname="testcases.VerifyDashboard"/>
  <testcase name="testEarnTab" time="10.455" classname="testcases.VerifyDashboard"/>
  <testcase name="testActivity" time="10.426" classname="testcases.VerifyDashboard"/>
</testsuite> <!-- testcases.VerifyDashboard -->
